<?xml version="1.0" encoding="UTF-8"?>
<testng-results ignored="0" total="2" passed="2" failed="0" skipped="0">
  <reporter-output>
  </reporter-output>
  <suite started-at="2020-06-14T22:13:09Z" name="Default suite" finished-at="2020-06-14T22:13:16Z" duration-ms="7240">
    <groups>
    </groups>
    <test started-at="2020-06-14T22:13:09Z" name="Default test" finished-at="2020-06-14T22:13:16Z" duration-ms="7240">
      <class name="E2E.E2EProject.HomePageTest">
        <test-method is-config="true" signature="initial()[pri:0, instance:E2E.E2EProject.HomePageTest@5b080f3a]" started-at="2020-06-14T17:13:09Z" name="initial" finished-at="2020-06-14T17:13:12Z" duration-ms="3495" status="PASS">
          <reporter-output>
          </reporter-output>
        </test-method> <!-- initial -->
        <test-method signature="selectItem(java.lang.String, java.lang.String, java.lang.String)[pri:0, instance:E2E.E2EProject.HomePageTest@5b080f3a]" started-at="2020-06-14T17:13:12Z" name="selectItem" data-provider="getData" finished-at="2020-06-14T17:13:12Z" duration-ms="3" status="PASS">
          <params>
            <param index="0">
              <value>
                <![CDATA[sri666@yahoo.com]]>
              </value>
            </param>
            <param index="1">
              <value>
                <![CDATA[Laks@123]]>
              </value>
            </param>
            <param index="2">
              <value>
                <![CDATA[Successful login]]>
              </value>
            </param>
          </params>
          <reporter-output>
          </reporter-output>
        </test-method> <!-- selectItem -->
        <test-method signature="successfullLogin(java.lang.String, java.lang.String, java.lang.String)[pri:0, instance:E2E.E2EProject.HomePageTest@5b080f3a]" started-at="2020-06-14T17:13:12Z" name="successfullLogin" data-provider="getData" finished-at="2020-06-14T17:13:16Z" duration-ms="3185" status="PASS">
          <params>
            <param index="0">
              <value>
                <![CDATA[sri666@yahoo.com]]>
              </value>
            </param>
            <param index="1">
              <value>
                <![CDATA[Laks@123]]>
              </value>
            </param>
            <param index="2">
              <value>
                <![CDATA[Successful login]]>
              </value>
            </param>
          </params>
          <reporter-output>
          </reporter-output>
        </test-method> <!-- successfullLogin -->
        <test-method is-config="true" signature="tearDown()[pri:0, instance:E2E.E2EProject.HomePageTest@5b080f3a]" started-at="2020-06-14T17:13:16Z" name="tearDown" finished-at="2020-06-14T17:13:16Z" duration-ms="542" status="PASS">
          <reporter-output>
          </reporter-output>
        </test-method> <!-- tearDown -->
      </class> <!-- E2E.E2EProject.HomePageTest -->
    </test> <!-- Default test -->
  </suite> <!-- Default suite -->
</testng-results>
